<?xml version="1.0" encoding="UTF-8"?>
<!-- Generated by org.testng.reporters.JUnitXMLReporter -->
<testsuite ignored="2" hostname="LAPTOP-13LEA52" failures="1" tests="1" name="Test" time="20.486" errors="0" timestamp="2021-07-19T11:55:38 IST">
  <testcase classname="com.aabeauty.qa.testcases.HomePageTest" name="addItemToCartTest" time="14.995">
    <failure type="java.lang.NullPointerException" message="Cannot invoke &amp;quot;org.openqa.selenium.JavascriptExecutor.executeScript(String, Object[])&amp;quot; because &amp;quot;js&amp;quot; is null">
      <![CDATA[java.lang.NullPointerException: Cannot invoke "org.openqa.selenium.JavascriptExecutor.executeScript(String, Object[])" because "js" is null
at com.aabeauty.qa.util.TestUtil.scrollDown(TestUtil.java:86)
at com.aabeauty.qa.pages.HomePage.addItemToCart(HomePage.java:56)
at com.aabeauty.qa.testcases.HomePageTest.addItemToCartTest(HomePageTest.java:39)
at java.base/java.util.ArrayList.forEach(ArrayList.java:1511)
... Removed 27 stack frames]]>
    </failure>
  </testcase> <!-- addItemToCartTest -->
  <testcase classname="com.aabeauty.qa.testcases.HomePageTest" name="verifyLogoTest" time="0.0">
    <ignored/>
  </testcase> <!-- verifyLogoTest -->
  <testcase classname="com.aabeauty.qa.testcases.HomePageTest" name="validateHomePageHeaderTest" time="0.0">
    <ignored/>
  </testcase> <!-- validateHomePageHeaderTest -->
</testsuite> <!-- Test -->
